make all --print-data-base --no-builtin-variables --no-builtin-rules --question
make: *** No rule to make target 'all'.  Stop.

# GNU Make 4.2.1
# Built for x86_64-pc-linux-gnu
# Copyright (C) 1988-2016 Free Software Foundation, Inc.
# License GPLv3+: GNU GPL version 3 or later <http://gnu.org/licenses/gpl.html>
# This is free software: you are free to change and redistribute it.
# There is NO WARRANTY, to the extent permitted by law.

# Make data base, printed on Wed Jul 20 07:11:02 2022

# Variables

# 'override' directive
GNUMAKEFLAGS := 
# automatic
<D = $(patsubst %/,%,$(dir $<))
# automatic
?F = $(notdir $?)
# environment
PAPERSIZE = a4
# environment
DESKTOP_SESSION = ubuntu
# default
.SHELLFLAGS := -c
# environment
XDG_SESSION_CLASS = user
# environment
SNAP_COMMON = /var/snap/code/common
# environment
XDG_SESSION_TYPE = x11
# makefile (from 'Makefile', line 7)
TARGET = main
# automatic
?D = $(patsubst %/,%,$(dir $?))
# environment
IM_CONFIG_PHASE = 1
# automatic
@D = $(patsubst %/,%,$(dir $@))
# environment
XAUTHORITY = /run/user/1000/gdm/Xauthority
# environment
GDMSESSION = ubuntu
# environment
XMODIFIERS = @im=ibus
# makefile
CURDIR := /home/damian/Desktop/Exercitii/Ex1
# makefile
SHELL = /bin/sh
# environment
SNAP_DATA = /var/snap/code/101
# environment
VSCODE_NLS_CONFIG = {"locale":"en-us","availableLanguages":{},"_languagePackSupport":true}
# environment
JOURNAL_STREAM = 8:69761
# makefile (from 'Makefile', line 2)
CFLAGS = -Wall -g
# environment
XDG_CONFIG_DIRS = /etc/xdg/xdg-ubuntu:/etc/xdg
# environment
SNAP_INSTANCE_NAME = code
# environment
SNAP_ARCH = amd64
# makefile (from 'Makefile', line 1)
MAKEFILE_LIST :=  Makefile
# automatic
@F = $(notdir $@)
# environment
GIO_LAUNCHED_DESKTOP_FILE = /var/lib/snapd/desktop/applications/code_code.desktop
# environment
USERNAME = damian
# environment
MAKELEVEL := 0
# environment
XDG_DATA_DIRS = /usr/share/ubuntu:/usr/local/share/:/usr/share/:/var/lib/snapd/desktop
# environment
DBUS_SESSION_BUS_ADDRESS = unix:path=/run/user/1000/bus,guid=1a51ad2e1fd4a783bbd2d03c62d80a44
# environment
_ = /snap/code/101/usr/share/code/code
# environment
MANAGERPID = 1746
# environment
LESSOPEN = | /usr/bin/lesspipe %s
# environment
LC_NAME = en_GB.UTF-8
# environment
VSCODE_CWD = /home/damian
# environment
GSETTINGS_SCHEMA_DIR = /snap/code/101/usr/share/glib-2.0/schemas
# default
MAKE_HOST := x86_64-pc-linux-gnu
# environment
PATH = /home/damian/.local/bin:/home/damian/.local/bin:/usr/local/sbin:/usr/local/bin:/usr/sbin:/usr/bin:/sbin:/bin:/usr/games:/usr/local/games:/snap/bin
# environment
GPG_AGENT_INFO = /run/user/1000/gnupg/S.gpg-agent:0:1
# makefile (from 'Makefile', line 4)
DEP = list.h
# environment
SESSION_MANAGER = local/ubuntu:@/tmp/.ICE-unix/1958,unix/ubuntu:/tmp/.ICE-unix/1958
# environment
XDG_RUNTIME_DIR = /run/user/1000
# environment
GDK_PIXBUF_MODULE_FILE = /home/damian/snap/code/common/.cache/gdk-pixbuf-loaders.cache
# environment
SNAP = /snap/code/101
# environment
SNAP_VERSION = b06ae3b2
# environment
XDG_MENU_PREFIX = gnome-
# environment
DISABLE_WAYLAND = 1
# environment
ELECTRON_RUN_AS_NODE = 1
# environment
INVOCATION_ID = e25b0227fc574273b49f52e7cc9515f8
# makefile (from 'Makefile', line 3)
LDFLAGS = -lpthread
# environment
GDK_PIXBUF_MODULEDIR = /snap/code/101/usr/lib/x86_64-linux-gnu/gdk-pixbuf-2.0/2.10.0/loaders
# default
.FEATURES := target-specific order-only second-expansion else-if shortest-stem undefine oneshell archives jobserver output-sync check-symlink load
# environment
LS_COLORS = 
# environment
XDG_SESSION_DESKTOP = ubuntu
# environment
SSH_AUTH_SOCK = /run/user/1000/keyring/ssh
# environment
GIO_LAUNCHED_DESKTOP_FILE_PID = 6449
# automatic
%F = $(notdir $%)
# environment
DISPLAY = :0
# makefile (from 'Makefile', line 6)
OBJFILES = list.o main.o
# environment
SNAP_INSTANCE_KEY = 
# environment
PWD = /home/damian/Desktop/Exercitii/Ex1
# default
.LOADED := 
# environment
SSH_AGENT_PID = 1922
# environment
ORIGINAL_XDG_CURRENT_DESKTOP = ubuntu:GNOME
# environment
GTK_MODULES = gail:atk-bridge
# environment
VSCODE_AMD_ENTRYPOINT = vs/workbench/api/node/extensionHostProcess
# environment
HOME = /home/damian
# environment
LESSCLOSE = /usr/bin/lesspipe %s %s
# environment
VSCODE_CLI = 1
# environment
VSCODE_CODE_CACHE_PATH = /home/damian/.config/Code/CachedData/b06ae3b2d2dbfe28bca3134cc6be65935cdfea6a
# environment
LOGNAME = damian
# environment
APPLICATION_INSIGHTS_NO_DIAGNOSTIC_CHANNEL = 1
# environment
SNAP_LIBRARY_PATH = /var/lib/snapd/lib/gl:/var/lib/snapd/lib/gl32:/var/lib/snapd/void
# environment
SNAP_CONTEXT = gh1sbdABMQC4GC4IPQxK6Uj93JSb4QPHn_g4eZjV6AUs7kVG9N8N
# automatic
+F = $(notdir $+)
# environment
ELECTRON_NO_ATTACH_CONSOLE = 1
# environment
SNAP_USER_COMMON = /home/damian/snap/code/common
# environment
VSCODE_HANDLES_UNCAUGHT_ERRORS = true
# environment
GNOME_DESKTOP_SESSION_ID = this-is-deprecated
# automatic
^D = $(patsubst %/,%,$(dir $^))
# environment
LC_TIME = en_GB.UTF-8
# environment
SNAP_REAL_HOME = /home/damian
# default
MAKE = $(MAKE_COMMAND)
# default
MAKECMDGOALS := all
# environment
QT_IM_MODULE = ibus
# environment
SNAP_USER_DATA = /home/damian/snap/code/101
# environment
SHLVL = 0
# makefile (from 'Makefile', line 1)
CC = gcc
# environment
GNOME_SHELL_SESSION_MODE = ubuntu
# default
MAKE_VERSION := 4.2.1
# environment
USER = damian
# environment
SNAP_REVISION = 101
# environment
LC_MONETARY = en_GB.UTF-8
# makefile
.DEFAULT_GOAL := main
# environment
XDG_CURRENT_DESKTOP = Unity
# automatic
%D = $(patsubst %/,%,$(dir $%))
# environment
LC_TELEPHONE = en_GB.UTF-8
# default
MAKE_COMMAND := make
# default
.VARIABLES := 
# automatic
*F = $(notdir $*)
# environment
VSCODE_IPC_HOOK = /run/user/1000/vscode-4591b0f2-1.69.1-main.sock
# environment
BAMF_DESKTOP_FILE_HINT = /var/lib/snapd/desktop/applications/code_code.desktop
# makefile
MAKEFLAGS = pqrR
# environment
MFLAGS = -pqrR
# automatic
*D = $(patsubst %/,%,$(dir $*))
# automatic
+D = $(patsubst %/,%,$(dir $+))
# environment
GDK_BACKEND = x11
# environment
LC_PAPER = en_GB.UTF-8
# environment
QT_ACCESSIBILITY = 1
# default
MAKEFILES := 
# environment
SNAP_COOKIE = gh1sbdABMQC4GC4IPQxK6Uj93JSb4QPHn_g4eZjV6AUs7kVG9N8N
# environment
LC_NUMERIC = en_GB.UTF-8
# automatic
<F = $(notdir $<)
# environment
LC_MEASUREMENT = en_GB.UTF-8
# environment
SNAP_NAME = code
# environment
LC_ALL = C
# environment
DBUS_STARTER_BUS_TYPE = session
# automatic
^F = $(notdir $^)
# default
SUFFIXES := 
# environment
SNAP_REEXEC = 
# environment
CHROME_DESKTOP = code-url-handler.desktop
# environment
WINDOWPATH = 2
# default
.INCLUDE_DIRS = /usr/include /usr/local/include /usr/include
# environment
LC_IDENTIFICATION = en_GB.UTF-8
# default
.RECIPEPREFIX := 
# environment
LC_ADDRESS = en_GB.UTF-8
# environment
LANG = C
# environment
VSCODE_PID = 6493
# environment
DBUS_STARTER_ADDRESS = unix:path=/run/user/1000/bus,guid=1a51ad2e1fd4a783bbd2d03c62d80a44
# makefile (from 'Makefile', line 5)
FILES = list.c main.c
# variable set hash-table stats:
# Load=132/1024=13%, Rehash=0, Collisions=23/161=14%

# Pattern-specific Variable Values
 

# No pattern-specific variable values.

# Directories

# . (device 2053, inode 393619): 7 files, no impossibilities.

# 7 files, no impossibilities in 1 directories.

# Implicit Rules

# No implicit rules.

# Files

# Not a target:
list.c:
#  Implicit rule search has not been done.
#  Modification time never checked.
#  File has not been updated.

# Not a target:
all:
#  Command line target.
#  Implicit rule search has been done.
#  File does not exist.
#  File has not been updated.

# Not a target:
main.c:
#  Implicit rule search has not been done.
#  Modification time never checked.
#  File has not been updated.

# Not a target:
list.h:
#  Implicit rule search has not been done.
#  Modification time never checked.
#  File has not been updated.

# Not a target:
Makefile:
#  Implicit rule search has been done.
#  Last modified 2022-07-15 12:50:45.020374302
#  File has been updated.
#  Successfully updated.

# Not a target:
.DEFAULT:
#  Implicit rule search has not been done.
#  Modification time never checked.
#  File has not been updated.

run: main
#  Implicit rule search has not been done.
#  Modification time never checked.
#  File has not been updated.
#  recipe to execute (from 'Makefile', line 19):
	./$(TARGET)

clean:
#  Implicit rule search has not been done.
#  Modification time never checked.
#  File has not been updated.
#  recipe to execute (from 'Makefile', line 22):
	rm -f $(OBJFILES) $(TARGET)

list.o: list.c list.h
#  Implicit rule search has not been done.
#  Modification time never checked.
#  File has not been updated.
#  recipe to execute (from 'Makefile', line 13):
	$(CC) $(CFLAGS) -c list.c

main: list.o main.o
#  Implicit rule search has not been done.
#  Modification time never checked.
#  File has not been updated.
#  recipe to execute (from 'Makefile', line 10):
	$(CC) $(CFLAGS) -o $(TARGET) $(OBJFILES) $(LDFLAGS)

main.o: main.c
#  Implicit rule search has not been done.
#  Modification time never checked.
#  File has not been updated.
#  recipe to execute (from 'Makefile', line 16):
	$(CC) $(CFLAGS) -c main.c

# files hash-table stats:
# Load=12/1024=1%, Rehash=0, Collisions=0/30=0%
# VPATH Search Paths

# No 'vpath' search paths.

# No general ('VPATH' variable) search path.

# strcache buffers: 1 (0) / strings = 17 / storage = 127 B / avg = 7 B
# current buf: size = 8162 B / used = 127 B / count = 17 / avg = 7 B

# strcache performance: lookups = 32 / hit rate = 46%
# hash-table stats:
# Load=17/8192=0%, Rehash=0, Collisions=1/32=3%
# Finished Make data base on Wed Jul 20 07:11:02 2022

 
