make all --print-data-base --no-builtin-variables --no-builtin-rules --question
# GNU Make 4.2.1
# Built for x86_64-pc-linux-gnu
# Copyright (C) 1988-2016 Free Software Foundation, Inc.
# License GPLv3+: GNU GPL version 3 or later <http://gnu.org/licenses/gpl.html>
# This is free software: you are free to change and redistribute it.
# There is NO WARRANTY, to the extent permitted by law.

# Make data base, printed on Thu Jul 21 08:52:46 2022

# Variables

# 'override' directive
GNUMAKEFLAGS := 
# automatic
<D = $(patsubst %/,%,$(dir $<))
# automatic
?F = $(notdir $?)
# environment
PAPERSIZE = a4
# environment
DESKTOP_SESSION = ubuntu
# default
.SHELLFLAGS := -c
# environment
XDG_SESSION_CLASS = user
# environment
SNAP_COMMON = /var/snap/code/common
# environment
XDG_SESSION_TYPE = x11
# automatic
?D = $(patsubst %/,%,$(dir $?))
# environment
IM_CONFIG_PHASE = 1
# automatic
@D = $(patsubst %/,%,$(dir $@))
# environment
XAUTHORITY = /run/user/1000/gdm/Xauthority
# environment
GDMSESSION = ubuntu
# environment
XMODIFIERS = @im=ibus
# makefile
CURDIR := /home/damian/Desktop/Exercitii/Ex3
# makefile
SHELL = /bin/sh
# environment
SNAP_DATA = /var/snap/code/102
# environment
VSCODE_NLS_CONFIG = {"locale":"en-us","availableLanguages":{},"_languagePackSupport":true}
# environment
JOURNAL_STREAM = 8:65943
# makefile (from 'Makefile', line 5)
CFLAGS = -Wall -g
# environment
XDG_CONFIG_DIRS = /etc/xdg/xdg-ubuntu:/etc/xdg
# environment
SNAP_INSTANCE_NAME = code
# environment
SNAP_ARCH = amd64
# makefile (from 'Makefile', line 1)
MAKEFILE_LIST :=  Makefile
# automatic
@F = $(notdir $@)
# environment
GIO_LAUNCHED_DESKTOP_FILE = /var/lib/snapd/desktop/applications/code_code.desktop
# environment
USERNAME = damian
# environment
MAKELEVEL := 0
# environment
XDG_DATA_DIRS = /usr/share/ubuntu:/usr/local/share/:/usr/share/:/var/lib/snapd/desktop
# environment
DBUS_SESSION_BUS_ADDRESS = unix:path=/run/user/1000/bus,guid=2d953a9fab6a5f5b6681d04262d9607f
# environment
_ = /snap/code/102/usr/share/code/code
# environment
MANAGERPID = 1730
# environment
LESSOPEN = | /usr/bin/lesspipe %s
# environment
LC_NAME = en_GB.UTF-8
# environment
VSCODE_CWD = /home/damian
# environment
GSETTINGS_SCHEMA_DIR = /snap/code/102/usr/share/glib-2.0/schemas
# default
MAKE_HOST := x86_64-pc-linux-gnu
# environment
PATH = /home/damian/.local/bin:/home/damian/.local/bin:/usr/local/sbin:/usr/local/bin:/usr/sbin:/usr/bin:/sbin:/bin:/usr/games:/usr/local/games:/snap/bin
# environment
GPG_AGENT_INFO = /run/user/1000/gnupg/S.gpg-agent:0:1
# environment
SESSION_MANAGER = local/ubuntu:@/tmp/.ICE-unix/1943,unix/ubuntu:/tmp/.ICE-unix/1943
# environment
XDG_RUNTIME_DIR = /run/user/1000
# environment
GDK_PIXBUF_MODULE_FILE = /home/damian/snap/code/common/.cache/gdk-pixbuf-loaders.cache
# environment
SNAP = /snap/code/102
# environment
SNAP_VERSION = 3b889b09
# environment
XDG_MENU_PREFIX = gnome-
# environment
DISABLE_WAYLAND = 1
# environment
ELECTRON_RUN_AS_NODE = 1
# makefile (from 'Makefile', line 15)
PORT = 4242
# environment
INVOCATION_ID = ebefa9d0783241a1a7498e9800d08070
# environment
GDK_PIXBUF_MODULEDIR = /snap/code/102/usr/lib/x86_64-linux-gnu/gdk-pixbuf-2.0/2.10.0/loaders
# default
.FEATURES := target-specific order-only second-expansion else-if shortest-stem undefine oneshell archives jobserver output-sync check-symlink load
# environment
LS_COLORS = 
# environment
XDG_SESSION_DESKTOP = ubuntu
# environment
SSH_AUTH_SOCK = /run/user/1000/keyring/ssh
# environment
GIO_LAUNCHED_DESKTOP_FILE_PID = 8631
# automatic
%F = $(notdir $%)
# environment
DISPLAY = :0
# environment
SNAP_INSTANCE_KEY = 
# environment
PWD = /home/damian/Desktop/Exercitii/Ex3
# default
.LOADED := 
# environment
SSH_AGENT_PID = 1907
# environment
ORIGINAL_XDG_CURRENT_DESKTOP = ubuntu:GNOME
# environment
GTK_MODULES = gail:atk-bridge
# environment
VSCODE_AMD_ENTRYPOINT = vs/workbench/api/node/extensionHostProcess
# environment
HOME = /home/damian
# environment
LESSCLOSE = /usr/bin/lesspipe %s %s
# environment
VSCODE_CLI = 1
# environment
VSCODE_CODE_CACHE_PATH = /home/damian/.config/Code/CachedData/3b889b090b5ad5793f524b5d1d39fda662b96a2a
# environment
LOGNAME = damian
# environment
APPLICATION_INSIGHTS_NO_DIAGNOSTIC_CHANNEL = true
# environment
SNAP_LIBRARY_PATH = /var/lib/snapd/lib/gl:/var/lib/snapd/lib/gl32:/var/lib/snapd/void
# environment
SNAP_CONTEXT = gh1sbdABMQC4GC4IPQxK6Uj93JSb4QPHn_g4eZjV6AUs7kVG9N8N
# automatic
+F = $(notdir $+)
# environment
ELECTRON_NO_ATTACH_CONSOLE = 1
# environment
SNAP_USER_COMMON = /home/damian/snap/code/common
# environment
VSCODE_HANDLES_UNCAUGHT_ERRORS = true
# environment
GNOME_DESKTOP_SESSION_ID = this-is-deprecated
# automatic
^D = $(patsubst %/,%,$(dir $^))
# environment
LC_TIME = en_GB.UTF-8
# environment
SNAP_REAL_HOME = /home/damian
# default
MAKE = $(MAKE_COMMAND)
# default
MAKECMDGOALS := all
# environment
QT_IM_MODULE = ibus
# environment
SNAP_USER_DATA = /home/damian/snap/code/102
# environment
SHLVL = 0
# environment
GNOME_SHELL_SESSION_MODE = ubuntu
# default
MAKE_VERSION := 4.2.1
# environment
USER = damian
# environment
SNAP_REVISION = 102
# environment
LC_MONETARY = en_GB.UTF-8
# makefile
.DEFAULT_GOAL := all
# environment
XDG_CURRENT_DESKTOP = Unity
# automatic
%D = $(patsubst %/,%,$(dir $%))
# environment
LC_TELEPHONE = en_GB.UTF-8
# default
MAKE_COMMAND := make
# default
.VARIABLES := 
# automatic
*F = $(notdir $*)
# environment
VSCODE_IPC_HOOK = /run/user/1000/vscode-4591b0f2-1.69.2-main.sock
# environment
BAMF_DESKTOP_FILE_HINT = /var/lib/snapd/desktop/applications/code_code.desktop
# makefile
MAKEFLAGS = pqrR
# environment
MFLAGS = -pqrR
# automatic
*D = $(patsubst %/,%,$(dir $*))
# automatic
+D = $(patsubst %/,%,$(dir $+))
# environment
GDK_BACKEND = x11
# environment
LC_PAPER = en_GB.UTF-8
# environment
QT_ACCESSIBILITY = 1
# default
MAKEFILES := 
# environment
SNAP_COOKIE = gh1sbdABMQC4GC4IPQxK6Uj93JSb4QPHn_g4eZjV6AUs7kVG9N8N
# environment
LC_NUMERIC = en_GB.UTF-8
# automatic
<F = $(notdir $<)
# environment
LC_MEASUREMENT = en_GB.UTF-8
# makefile (from 'Makefile', line 18)
IP_SERVER = 127.0.0.1
# environment
SNAP_NAME = code
# environment
LC_ALL = C
# environment
DBUS_STARTER_BUS_TYPE = session
# automatic
^F = $(notdir $^)
# default
SUFFIXES := 
# environment
SNAP_REEXEC = 
# environment
CHROME_DESKTOP = code-url-handler.desktop
# environment
WINDOWPATH = 2
# default
.INCLUDE_DIRS = /usr/include /usr/local/include /usr/include
# environment
LC_IDENTIFICATION = en_GB.UTF-8
# default
.RECIPEPREFIX := 
# environment
LC_ADDRESS = en_GB.UTF-8
# environment
LANG = C
# environment
VSCODE_PID = 8680
# environment
DBUS_STARTER_ADDRESS = unix:path=/run/user/1000/bus,guid=2d953a9fab6a5f5b6681d04262d9607f
# variable set hash-table stats:
# Load=128/1024=12%, Rehash=0, Collisions=22/154=14%

# Pattern-specific Variable Values

# No pattern-specific variable values.

# Directories

# . (device 2053, inode 524454): 13 files, no impossibilities.

# 13 files, no impossibilities in 1 directories.

# Implicit Rules

# No implicit rules.

# Files
 

all: server client
#  Command line target.
#  Implicit rule search has been done.
#  File does not exist.
#  File has been updated.
#  Successfully updated.

client: client.c
#  Implicit rule search has been done.
#  Last modified 2022-07-20 15:47:11.836293737
#  File has been updated.
#  Successfully updated.

.PHONY: clean run_server run_client run_client
#  Implicit rule search has not been done.
#  Modification time never checked.
#  File has not been updated.

# Not a target:
Makefile:
#  Implicit rule search has been done.
#  Last modified 2022-07-19 16:04:53.71655
#  File has been updated.
#  Successfully updated.

server: server.c
#  Implicit rule search has been done.
#  Last modified 2022-07-20 15:47:11.784293735
#  File has been updated.
#  Successfully updated.

run_client:
#  Phony target (prerequisite of .PHONY).
#  Implicit rule search has not been done.
#  File does not exist.
#  File has not been updated.
#  recipe to execute (from 'Makefile', line 37):
	./client ${IP_SERVER} ${PORT} $(RUN_ARGS)

# Not a target:
client.c:
#  Implicit rule search has been done.
#  Last modified 2022-07-20 07:19:26.852044791
#  File has been updated.
#  Successfully updated.

# Not a target:
.DEFAULT:
#  Implicit rule search has not been done.
#  Modification time never checked.
#  File has not been updated.

run_server:
#  Phony target (prerequisite of .PHONY).
#  Implicit rule search has not been done.
#  File does not exist.
#  File has not been updated.
#  recipe to execute (from 'Makefile', line 32):
	./server ${PORT}

# Not a target:
server.c:
#  Implicit rule search has been done.
#  Last modified 2022-07-20 07:14:20.340033758
#  File has been updated.
#  Successfully updated.

clean:
#  Phony target (prerequisite of .PHONY).
#  Implicit rule search has not been done.
#  File does not exist.
#  File has not been updated.
#  recipe to execute (from 'Makefile', line 40):
	rm -f server client

# files hash-table stats:
# Load=12/1024=1%, Rehash=0, Collisions=0/37=0%
# VPATH Search Paths

# No 'vpath' search paths.

# No general ('VPATH' variable) search path.

# strcache buffers: 1 (0) / strings = 22 / storage = 184 B / avg = 8 B
# current buf: size = 8162 B / used = 184 B / count = 22 / avg = 8 B

# strcache performance: lookups = 46 / hit rate = 52%
# hash-table stats:
# Load=22/8192=0%, Rehash=0, Collisions=1/46=2%
# Finished Make data base on Thu Jul 21 08:52:46 2022

 
